0 silly argv { _: [ 'run' ],
0 silly argv   lernaVersion: '3.22.1',
0 silly argv   '$0': 'node_modules\\lerna\\cli.js',
0 silly argv   script: 'build' }
1 notice cli v3.22.1
2 verbose rootPath C:\Users\Asus\metaplex\js
3 info versioning independent
4 info Executing command in 4 packages: "yarn run build"
5 silly npmRunScript build [] @metaplex/cli
6 silly getExecOpts C:\Users\Asus\metaplex\js\packages\cli undefined
7 silly npmRunScript build [] @oyster/common
8 silly getExecOpts C:\Users\Asus\metaplex\js\packages\common undefined
9 silly npmRunScript build [] candy-machine-mint
10 silly getExecOpts C:\Users\Asus\metaplex\js\packages\fair-launch undefined
11 error MaxBufferError: stdout maxBuffer exceeded
11 error     at PassThrough.stream.on (C:\Users\Asus\metaplex\js\node_modules\get-stream\index.js:41:19)
11 error     at PassThrough.emit (events.js:203:15)
11 error     at addChunk (_stream_readable.js:287:12)
11 error     at readableAddChunk (_stream_readable.js:264:13)
11 error     at PassThrough.Readable.push (_stream_readable.js:223:10)
11 error     at PassThrough.Transform.push (_stream_transform.js:151:32)
11 error     at PassThrough.afterTransform (_stream_transform.js:92:10)
11 error     at PassThrough._transform (_stream_passthrough.js:42:3)
11 error     at PassThrough.Transform._read (_stream_transform.js:190:10)
